D:\Mustafa Lotfy\Task Management System\TaskManagementAPI\task-management\dist\out-tsc\app\services\task.service.js
D:\Mustafa Lotfy\Task Management System\TaskManagementAPI\task-management\dist\out-tsc\app\services\task.service.js.map
D:\Mustafa Lotfy\Task Management System\TaskManagementAPI\task-management\dist\out-tsc\app\components\task-list\task-list.component.js
D:\Mustafa Lotfy\Task Management System\TaskManagementAPI\task-management\dist\out-tsc\app\components\task-list\task-list.component.js.map
D:\Mustafa Lotfy\Task Management System\TaskManagementAPI\task-management\dist\out-tsc\app\components\task-form\task-form.component.js
D:\Mustafa Lotfy\Task Management System\TaskManagementAPI\task-management\dist\out-tsc\app\components\task-form\task-form.component.js.map
D:\Mustafa Lotfy\Task Management System\TaskManagementAPI\task-management\dist\out-tsc\app\app-routing.module.js
D:\Mustafa Lotfy\Task Management System\TaskManagementAPI\task-management\dist\out-tsc\app\app-routing.module.js.map
D:\Mustafa Lotfy\Task Management System\TaskManagementAPI\task-management\dist\out-tsc\app\app.component.js
D:\Mustafa Lotfy\Task Management System\TaskManagementAPI\task-management\dist\out-tsc\app\app.component.js.map
D:\Mustafa Lotfy\Task Management System\TaskManagementAPI\task-management\dist\out-tsc\app\app.module.js
D:\Mustafa Lotfy\Task Management System\TaskManagementAPI\task-management\dist\out-tsc\app\app.module.js.map
D:\Mustafa Lotfy\Task Management System\TaskManagementAPI\task-management\dist\out-tsc\environments\environment.js
D:\Mustafa Lotfy\Task Management System\TaskManagementAPI\task-management\dist\out-tsc\environments\environment.js.map
D:\Mustafa Lotfy\Task Management System\TaskManagementAPI\task-management\dist\out-tsc\main.js
D:\Mustafa Lotfy\Task Management System\TaskManagementAPI\task-management\dist\out-tsc\main.js.map
D:\Mustafa Lotfy\Task Management System\TaskManagementAPI\task-management\dist\out-tsc\polyfills.js
D:\Mustafa Lotfy\Task Management System\TaskManagementAPI\task-management\dist\out-tsc\polyfills.js.map
D:\Mustafa Lotfy\Task Management System\TaskManagementAPI\task-management\dist\out-tsc\test.js
D:\Mustafa Lotfy\Task Management System\TaskManagementAPI\task-management\dist\out-tsc\test.js.map
D:\Mustafa Lotfy\Task Management System\TaskManagementAPI\task-management\dist\out-tsc\app\app.component.spec.js
D:\Mustafa Lotfy\Task Management System\TaskManagementAPI\task-management\dist\out-tsc\app\app.component.spec.js.map
D:\Mustafa Lotfy\Task Management System\TaskManagementAPI\task-management\dist\out-tsc\app\components\task-form\task-form.component.spec.js
D:\Mustafa Lotfy\Task Management System\TaskManagementAPI\task-management\dist\out-tsc\app\components\task-form\task-form.component.spec.js.map
D:\Mustafa Lotfy\Task Management System\TaskManagementAPI\task-management\dist\out-tsc\app\components\task-list\task-list.component.spec.js
D:\Mustafa Lotfy\Task Management System\TaskManagementAPI\task-management\dist\out-tsc\app\components\task-list\task-list.component.spec.js.map
D:\Mustafa Lotfy\Task Management System\TaskManagementAPI\task-management\dist\out-tsc\app\services\task.service.spec.js
D:\Mustafa Lotfy\Task Management System\TaskManagementAPI\task-management\dist\out-tsc\app\services\task.service.spec.js.map
D:\Mustafa Lotfy\Task Management System\TaskManagementAPI\task-management\dist\out-tsc\environments\environment.prod.js
D:\Mustafa Lotfy\Task Management System\TaskManagementAPI\task-management\dist\out-tsc\environments\environment.prod.js.map
